La génération a démarré 06/03/2016 20:13:38.
     1>Projet "C:\Users\ben\Documents\Visual Studio 2013\Projects\TDCurratFrere\TDCurratFrere\TDCurratFrere.vcxproj" sur le nœud 2 (Build cible(s)).
     1>ClCompile:
         C:\Program Files (x86)\Microsoft Visual Studio 12.0\VC\bin\CL.exe /c /ZI /nologo /W3 /WX- /Od /Oy- /D WIN32 /D _DEBUG /D _CONSOLE /D _LIB /D _UNICODE /D UNICODE /Gm /EHsc /RTC1 /MDd /GS /fp:precise /Zc:wchar_t /Zc:forScope /Fo"Debug\\" /Fd"Debug\vc120.pdb" /Gd /TC /analyze- /errorReport:prompt Booking.c
         Booking.c
     1>c:\users\ben\documents\visual studio 2013\projects\tdcurratfrere\tdcurratfrere\booking.c(52): warning C4047: '=' : les niveaux d'indirection de 'cellType *' et de 'char *' sont différents
     1>c:\users\ben\documents\visual studio 2013\projects\tdcurratfrere\tdcurratfrere\booking.c(54): warning C4047: '=' : les niveaux d'indirection de 'cellType *' et de 'char *' sont différents
     1>c:\users\ben\documents\visual studio 2013\projects\tdcurratfrere\tdcurratfrere\booking.c(56): warning C4047: '=' : les niveaux d'indirection de 'cellType *' et de 'int *' sont différents
     1>c:\users\ben\documents\visual studio 2013\projects\tdcurratfrere\tdcurratfrere\booking.c(58): warning C4047: '=' : les niveaux d'indirection de 'cellType *' et de 'int *' sont différents
     1>c:\users\ben\documents\visual studio 2013\projects\tdcurratfrere\tdcurratfrere\booking.c(60): warning C4047: '=' : les niveaux d'indirection de 'cellType *' et de 'int *' sont différents
     1>c:\users\ben\documents\visual studio 2013\projects\tdcurratfrere\tdcurratfrere\booking.c(80): warning C4101: 'cmd' : variable locale non référencée
     1>c:\users\ben\documents\visual studio 2013\projects\tdcurratfrere\tdcurratfrere\booking.c(80): warning C4101: 'val' : variable locale non référencée
       Link:
         C:\Program Files (x86)\Microsoft Visual Studio 12.0\VC\bin\link.exe /ERRORREPORT:PROMPT /OUT:"C:\Users\ben\Documents\Visual Studio 2013\Projects\TDCurratFrere\Debug\TDCurratFrere.exe" /INCREMENTAL /NOLOGO kernel32.lib user32.lib gdi32.lib winspool.lib comdlg32.lib advapi32.lib shell32.lib ole32.lib oleaut32.lib uuid.lib odbc32.lib odbccp32.lib /MANIFEST /MANIFESTUAC:"level='asInvoker' uiAccess='false'" /manifest:embed /DEBUG /PDB:"C:\Users\ben\Documents\Visual Studio 2013\Projects\TDCurratFrere\Debug\TDCurratFrere.pdb" /SUBSYSTEM:CONSOLE /TLBID:1 /DYNAMICBASE /NXCOMPAT /IMPLIB:"C:\Users\ben\Documents\Visual Studio 2013\Projects\TDCurratFrere\Debug\TDCurratFrere.lib" /MACHINE:X86 Debug\Booking.obj
         Debug\FileList.obj
         Debug\listedble.obj
         Debug\Util.obj
         TDCurratFrere.vcxproj -> C:\Users\ben\Documents\Visual Studio 2013\Projects\TDCurratFrere\Debug\TDCurratFrere.exe
     1>Génération du projet "C:\Users\ben\Documents\Visual Studio 2013\Projects\TDCurratFrere\TDCurratFrere\TDCurratFrere.vcxproj" terminée (Build cible(s)).

La génération a réussi.

Temps écoulé 00:00:00.70
